  [1m[36m (1.2ms)[0m  [1mCREATE TABLE "schema_migrations" ("version" varchar(255) NOT NULL) [0m
  [1m[35m (7.8ms)[0m  select sqlite_version(*)
  [1m[36m (1.1ms)[0m  [1mCREATE UNIQUE INDEX "unique_schema_migrations" ON "schema_migrations" ("version")[0m
  [1m[35mActiveRecord::SchemaMigration Load (0.1ms)[0m  SELECT "schema_migrations".* FROM "schema_migrations"
Migrating to CreateUsers (20141119225736)
  [1m[36m (0.1ms)[0m  [1mbegin transaction[0m
  [1m[35m (0.6ms)[0m  CREATE TABLE "users" ("id" INTEGER PRIMARY KEY AUTOINCREMENT NOT NULL, "name" varchar(255), "email" varchar(255), "created_at" datetime, "updated_at" datetime) 
  [1m[36mSQL (16.9ms)[0m  [1mINSERT INTO "schema_migrations" ("version") VALUES (?)[0m  [["version", "20141119225736"]]
  [1m[35m (1.2ms)[0m  commit transaction
  [1m[36mActiveRecord::SchemaMigration Load (0.1ms)[0m  [1mSELECT "schema_migrations".* FROM "schema_migrations"[0m


Started GET "/" for 127.0.0.1 at 2014-11-19 18:22:34 -0500
  [1m[36mActiveRecord::SchemaMigration Load (0.3ms)[0m  [1mSELECT "schema_migrations".* FROM "schema_migrations"[0m
Processing by Rails::WelcomeController#index as HTML
  Rendered /Users/adityanarayan/.rvm/gems/ruby-2.1.3/gems/railties-4.1.6/lib/rails/templates/rails/welcome/index.html.erb (1.6ms)
Completed 200 OK in 52ms (Views: 22.2ms | ActiveRecord: 0.0ms)


Started GET "/" for 127.0.0.1 at 2014-11-19 18:23:04 -0500

ArgumentError (Missing :action key on routes definition, please check your routes.):
  config/routes.rb:3:in `block in <top (required)>'
  config/routes.rb:1:in `<top (required)>'


  Rendered /Users/adityanarayan/.rvm/gems/ruby-2.1.3/gems/actionpack-4.1.6/lib/action_dispatch/middleware/templates/rescues/_source.erb (0.6ms)
  Rendered /Users/adityanarayan/.rvm/gems/ruby-2.1.3/gems/actionpack-4.1.6/lib/action_dispatch/middleware/templates/rescues/_trace.html.erb (1.2ms)
  Rendered /Users/adityanarayan/.rvm/gems/ruby-2.1.3/gems/actionpack-4.1.6/lib/action_dispatch/middleware/templates/rescues/_request_and_response.html.erb (0.9ms)
  Rendered /Users/adityanarayan/.rvm/gems/ruby-2.1.3/gems/actionpack-4.1.6/lib/action_dispatch/middleware/templates/rescues/diagnostics.erb within rescues/layout (16.6ms)


Started GET "/" for 127.0.0.1 at 2014-11-19 18:23:13 -0500
Processing by UsersController#new as HTML
  Rendered users/_form.html.erb (70.2ms)
  Rendered users/new.html.erb within layouts/application (85.4ms)
Completed 200 OK in 1493ms (Views: 1485.4ms | ActiveRecord: 0.5ms)


Started GET "/assets/scaffolds.css?body=1" for 127.0.0.1 at 2014-11-19 18:23:14 -0500


Started GET "/assets/jquery_ujs.js?body=1" for 127.0.0.1 at 2014-11-19 18:23:14 -0500


Started GET "/assets/jquery.js?body=1" for 127.0.0.1 at 2014-11-19 18:23:15 -0500


Started GET "/assets/users.css?body=1" for 127.0.0.1 at 2014-11-19 18:23:15 -0500


Started GET "/assets/users.js?body=1" for 127.0.0.1 at 2014-11-19 18:23:15 -0500


Started GET "/assets/application.css?body=1" for 127.0.0.1 at 2014-11-19 18:23:15 -0500


Started GET "/assets/turbolinks.js?body=1" for 127.0.0.1 at 2014-11-19 18:23:15 -0500


Started GET "/assets/application.js?body=1" for 127.0.0.1 at 2014-11-19 18:23:15 -0500


Started POST "/users" for 127.0.0.1 at 2014-11-19 18:23:21 -0500
Processing by UsersController#create as HTML
  Parameters: {"utf8"=>"✓", "authenticity_token"=>"XL3giFCu9UUi0ap85SblRA3MKzsNW0Z5DHQdRFbqIqU=", "user"=>{"name"=>"orel", "email"=>"orelmfligelman@gmail.com"}, "commit"=>"Create User"}
  [1m[35m (0.1ms)[0m  begin transaction
  [1m[36mSQL (35.0ms)[0m  [1mINSERT INTO "users" ("created_at", "email", "name", "updated_at") VALUES (?, ?, ?, ?)[0m  [["created_at", "2014-11-19 23:23:21.542737"], ["email", "orelmfligelman@gmail.com"], ["name", "orel"], ["updated_at", "2014-11-19 23:23:21.542737"]]
  [1m[35m (0.9ms)[0m  commit transaction

UserMailer#registration_confirmation: processed outbound mail in 0.3ms
Completed 500 Internal Server Error in 133ms

ArgumentError (wrong number of arguments (1 for 0)):
  app/mailers/user_mailer.rb:4:in `registration_confirmation'
  app/controllers/users_controller.rb:31:in `block in create'
  app/controllers/users_controller.rb:29:in `create'


  Rendered /Users/adityanarayan/.rvm/gems/ruby-2.1.3/gems/actionpack-4.1.6/lib/action_dispatch/middleware/templates/rescues/_source.erb (0.8ms)
  Rendered /Users/adityanarayan/.rvm/gems/ruby-2.1.3/gems/actionpack-4.1.6/lib/action_dispatch/middleware/templates/rescues/_trace.html.erb (1.3ms)
  Rendered /Users/adityanarayan/.rvm/gems/ruby-2.1.3/gems/actionpack-4.1.6/lib/action_dispatch/middleware/templates/rescues/_request_and_response.html.erb (1.1ms)
  Rendered /Users/adityanarayan/.rvm/gems/ruby-2.1.3/gems/actionpack-4.1.6/lib/action_dispatch/middleware/templates/rescues/diagnostics.erb within rescues/layout (24.2ms)


Started GET "/users" for 127.0.0.1 at 2014-11-19 18:25:41 -0500
Processing by UsersController#index as HTML
  [1m[36mUser Load (0.2ms)[0m  [1mSELECT "users".* FROM "users"[0m
  Rendered users/index.html.erb within layouts/application (2.1ms)
Completed 200 OK in 83ms (Views: 82.3ms | ActiveRecord: 0.2ms)


Started GET "/assets/users.js?body=1" for 127.0.0.1 at 2014-11-19 18:25:41 -0500


Started GET "/assets/application.css?body=1" for 127.0.0.1 at 2014-11-19 18:25:41 -0500


Started GET "/assets/jquery.js?body=1" for 127.0.0.1 at 2014-11-19 18:25:41 -0500


Started GET "/assets/application.js?body=1" for 127.0.0.1 at 2014-11-19 18:25:41 -0500


Started GET "/assets/users.css?body=1" for 127.0.0.1 at 2014-11-19 18:25:41 -0500


Started GET "/assets/jquery_ujs.js?body=1" for 127.0.0.1 at 2014-11-19 18:25:41 -0500


Started GET "/assets/turbolinks.js?body=1" for 127.0.0.1 at 2014-11-19 18:25:41 -0500


Started GET "/users/new" for 127.0.0.1 at 2014-11-19 18:25:44 -0500
Processing by UsersController#new as HTML
  Rendered users/_form.html.erb (2.3ms)
  Rendered users/new.html.erb within layouts/application (3.8ms)
Completed 200 OK in 52ms (Views: 51.8ms | ActiveRecord: 0.0ms)


Started POST "/users" for 127.0.0.1 at 2014-11-19 18:25:51 -0500
Processing by UsersController#create as HTML
  Parameters: {"utf8"=>"✓", "authenticity_token"=>"XL3giFCu9UUi0ap85SblRA3MKzsNW0Z5DHQdRFbqIqU=", "user"=>{"name"=>"fff", "email"=>"f@f.com"}, "commit"=>"Create User"}
  [1m[35m (0.1ms)[0m  begin transaction
  [1m[36mSQL (0.2ms)[0m  [1mINSERT INTO "users" ("created_at", "email", "name", "updated_at") VALUES (?, ?, ?, ?)[0m  [["created_at", "2014-11-19 23:25:51.440000"], ["email", "f@f.com"], ["name", "fff"], ["updated_at", "2014-11-19 23:25:51.440000"]]
  [1m[35m (16.3ms)[0m  commit transaction

UserMailer#registration_confirmation: processed outbound mail in 0.3ms
Completed 500 Internal Server Error in 19ms

ArgumentError (wrong number of arguments (1 for 0)):
  app/mailers/user_mailer.rb:4:in `registration_confirmation'
  app/controllers/users_controller.rb:31:in `block in create'
  app/controllers/users_controller.rb:29:in `create'


  Rendered /Users/adityanarayan/.rvm/gems/ruby-2.1.3/gems/actionpack-4.1.6/lib/action_dispatch/middleware/templates/rescues/_source.erb (0.7ms)
  Rendered /Users/adityanarayan/.rvm/gems/ruby-2.1.3/gems/actionpack-4.1.6/lib/action_dispatch/middleware/templates/rescues/_trace.html.erb (1.2ms)
  Rendered /Users/adityanarayan/.rvm/gems/ruby-2.1.3/gems/actionpack-4.1.6/lib/action_dispatch/middleware/templates/rescues/_request_and_response.html.erb (0.9ms)
  Rendered /Users/adityanarayan/.rvm/gems/ruby-2.1.3/gems/actionpack-4.1.6/lib/action_dispatch/middleware/templates/rescues/diagnostics.erb within rescues/layout (16.9ms)


Started GET "/" for 127.0.0.1 at 2014-11-19 18:28:36 -0500
Processing by UsersController#new as HTML
  Rendered users/_form.html.erb (2.0ms)
  Rendered users/new.html.erb within layouts/application (3.1ms)
Completed 200 OK in 91ms (Views: 90.4ms | ActiveRecord: 0.0ms)


Started GET "/assets/scaffolds.css?body=1" for 127.0.0.1 at 2014-11-19 18:28:36 -0500


Started GET "/assets/jquery_ujs.js?body=1" for 127.0.0.1 at 2014-11-19 18:28:36 -0500


Started GET "/assets/users.css?body=1" for 127.0.0.1 at 2014-11-19 18:28:36 -0500


Started GET "/assets/turbolinks.js?body=1" for 127.0.0.1 at 2014-11-19 18:28:36 -0500


Started GET "/assets/users.js?body=1" for 127.0.0.1 at 2014-11-19 18:28:36 -0500


Started GET "/assets/jquery.js?body=1" for 127.0.0.1 at 2014-11-19 18:28:36 -0500


Started GET "/assets/application.css?body=1" for 127.0.0.1 at 2014-11-19 18:28:36 -0500


Started GET "/assets/application.js?body=1" for 127.0.0.1 at 2014-11-19 18:28:36 -0500


Started POST "/users" for 127.0.0.1 at 2014-11-19 18:28:59 -0500
Processing by UsersController#create as HTML
  Parameters: {"utf8"=>"✓", "authenticity_token"=>"mIr7SHv2zrhOUa6gfam6raxFgPOvecwkljkSMnx9oBY=", "user"=>{"name"=>"oe", "email"=>"orelmfligelman@gmail.com"}, "commit"=>"Create User"}
  [1m[36m (0.1ms)[0m  [1mbegin transaction[0m
  [1m[35mSQL (0.3ms)[0m  INSERT INTO "users" ("created_at", "email", "name", "updated_at") VALUES (?, ?, ?, ?)  [["created_at", "2014-11-19 23:28:59.995380"], ["email", "orelmfligelman@gmail.com"], ["name", "oe"], ["updated_at", "2014-11-19 23:28:59.995380"]]
  [1m[36m (59.8ms)[0m  [1mcommit transaction[0m

UserMailer#registration_confirmation: processed outbound mail in 0.2ms
Completed 500 Internal Server Error in 63ms

ArgumentError (wrong number of arguments (1 for 0)):
  app/mailers/user_mailer.rb:4:in `registration_confirmation'
  app/controllers/users_controller.rb:31:in `block in create'
  app/controllers/users_controller.rb:29:in `create'


  Rendered /Users/adityanarayan/.rvm/gems/ruby-2.1.3/gems/actionpack-4.1.6/lib/action_dispatch/middleware/templates/rescues/_source.erb (0.8ms)
  Rendered /Users/adityanarayan/.rvm/gems/ruby-2.1.3/gems/actionpack-4.1.6/lib/action_dispatch/middleware/templates/rescues/_trace.html.erb (1.4ms)
  Rendered /Users/adityanarayan/.rvm/gems/ruby-2.1.3/gems/actionpack-4.1.6/lib/action_dispatch/middleware/templates/rescues/_request_and_response.html.erb (1.1ms)
  Rendered /Users/adityanarayan/.rvm/gems/ruby-2.1.3/gems/actionpack-4.1.6/lib/action_dispatch/middleware/templates/rescues/diagnostics.erb within rescues/layout (30.7ms)


Started GET "/" for 127.0.0.1 at 2014-11-19 18:30:49 -0500
Processing by UsersController#new as HTML
  Rendered users/_form.html.erb (4.8ms)
  Rendered users/new.html.erb within layouts/application (5.6ms)
Completed 200 OK in 74ms (Views: 70.3ms | ActiveRecord: 0.6ms)


Started GET "/assets/turbolinks.js?body=1" for 127.0.0.1 at 2014-11-19 18:30:49 -0500


Started GET "/assets/users.js?body=1" for 127.0.0.1 at 2014-11-19 18:30:49 -0500


Started GET "/assets/application.js?body=1" for 127.0.0.1 at 2014-11-19 18:30:49 -0500


Started GET "/assets/scaffolds.css?body=1" for 127.0.0.1 at 2014-11-19 18:30:49 -0500


Started GET "/assets/users.css?body=1" for 127.0.0.1 at 2014-11-19 18:30:49 -0500


Started GET "/assets/jquery_ujs.js?body=1" for 127.0.0.1 at 2014-11-19 18:30:49 -0500


Started GET "/assets/application.css?body=1" for 127.0.0.1 at 2014-11-19 18:30:49 -0500


Started GET "/assets/jquery.js?body=1" for 127.0.0.1 at 2014-11-19 18:30:49 -0500


Started POST "/users" for 127.0.0.1 at 2014-11-19 18:30:52 -0500
Processing by UsersController#create as HTML
  Parameters: {"utf8"=>"✓", "authenticity_token"=>"mIr7SHv2zrhOUa6gfam6raxFgPOvecwkljkSMnx9oBY=", "user"=>{"name"=>"dad", "email"=>"afaef"}, "commit"=>"Create User"}
  [1m[35m (0.1ms)[0m  begin transaction
  [1m[36mSQL (5.0ms)[0m  [1mINSERT INTO "users" ("created_at", "email", "name", "updated_at") VALUES (?, ?, ?, ?)[0m  [["created_at", "2014-11-19 23:30:52.906203"], ["email", "afaef"], ["name", "dad"], ["updated_at", "2014-11-19 23:30:52.906203"]]
  [1m[35m (2.2ms)[0m  commit transaction

UserMailer#registration_confirmation: processed outbound mail in 0.2ms
Completed 500 Internal Server Error in 13ms

ArgumentError (wrong number of arguments (1 for 0)):
  app/mailers/user_mailer.rb:2:in `registration_confirmation'
  app/controllers/users_controller.rb:31:in `block in create'
  app/controllers/users_controller.rb:29:in `create'


  Rendered /Users/adityanarayan/.rvm/gems/ruby-2.1.3/gems/actionpack-4.1.6/lib/action_dispatch/middleware/templates/rescues/_source.erb (0.7ms)
  Rendered /Users/adityanarayan/.rvm/gems/ruby-2.1.3/gems/actionpack-4.1.6/lib/action_dispatch/middleware/templates/rescues/_trace.html.erb (1.3ms)
  Rendered /Users/adityanarayan/.rvm/gems/ruby-2.1.3/gems/actionpack-4.1.6/lib/action_dispatch/middleware/templates/rescues/_request_and_response.html.erb (1.0ms)
  Rendered /Users/adityanarayan/.rvm/gems/ruby-2.1.3/gems/actionpack-4.1.6/lib/action_dispatch/middleware/templates/rescues/diagnostics.erb within rescues/layout (27.1ms)


Started GET "/" for 127.0.0.1 at 2014-11-19 18:31:47 -0500
Processing by UsersController#new as HTML
  Rendered users/_form.html.erb (4.1ms)
  Rendered users/new.html.erb within layouts/application (4.9ms)
Completed 200 OK in 62ms (Views: 59.0ms | ActiveRecord: 0.7ms)


Started GET "/assets/scaffolds.css?body=1" for 127.0.0.1 at 2014-11-19 18:31:47 -0500


Started GET "/assets/users.js?body=1" for 127.0.0.1 at 2014-11-19 18:31:47 -0500


Started GET "/assets/jquery.js?body=1" for 127.0.0.1 at 2014-11-19 18:31:47 -0500


Started GET "/assets/users.css?body=1" for 127.0.0.1 at 2014-11-19 18:31:47 -0500


Started GET "/assets/application.js?body=1" for 127.0.0.1 at 2014-11-19 18:31:47 -0500


Started GET "/assets/application.css?body=1" for 127.0.0.1 at 2014-11-19 18:31:47 -0500


Started GET "/assets/jquery_ujs.js?body=1" for 127.0.0.1 at 2014-11-19 18:31:47 -0500


Started GET "/assets/turbolinks.js?body=1" for 127.0.0.1 at 2014-11-19 18:31:47 -0500


Started POST "/users" for 127.0.0.1 at 2014-11-19 18:31:50 -0500
Processing by UsersController#create as HTML
  Parameters: {"utf8"=>"✓", "authenticity_token"=>"mIr7SHv2zrhOUa6gfam6raxFgPOvecwkljkSMnx9oBY=", "user"=>{"name"=>"edfsef", "email"=>"efef"}, "commit"=>"Create User"}
  [1m[36m (0.1ms)[0m  [1mbegin transaction[0m
  [1m[35mSQL (18.8ms)[0m  INSERT INTO "users" ("created_at", "email", "name", "updated_at") VALUES (?, ?, ?, ?)  [["created_at", "2014-11-19 23:31:50.899797"], ["email", "efef"], ["name", "edfsef"], ["updated_at", "2014-11-19 23:31:50.899797"]]
  [1m[36m (2.0ms)[0m  [1mcommit transaction[0m

UserMailer#registration_confirmation: processed outbound mail in 0.2ms
Completed 500 Internal Server Error in 40ms

ArgumentError (wrong number of arguments (1 for 0)):
  app/mailers/user_mailer.rb:3:in `registration_confirmation'
  app/controllers/users_controller.rb:31:in `block in create'
  app/controllers/users_controller.rb:29:in `create'


  Rendered /Users/adityanarayan/.rvm/gems/ruby-2.1.3/gems/actionpack-4.1.6/lib/action_dispatch/middleware/templates/rescues/_source.erb (0.6ms)
  Rendered /Users/adityanarayan/.rvm/gems/ruby-2.1.3/gems/actionpack-4.1.6/lib/action_dispatch/middleware/templates/rescues/_trace.html.erb (1.8ms)
  Rendered /Users/adityanarayan/.rvm/gems/ruby-2.1.3/gems/actionpack-4.1.6/lib/action_dispatch/middleware/templates/rescues/_request_and_response.html.erb (1.1ms)
  Rendered /Users/adityanarayan/.rvm/gems/ruby-2.1.3/gems/actionpack-4.1.6/lib/action_dispatch/middleware/templates/rescues/diagnostics.erb within rescues/layout (30.3ms)


Started GET "/" for 127.0.0.1 at 2014-11-19 18:32:34 -0500
Processing by UsersController#new as HTML
  Rendered users/_form.html.erb (1.8ms)
  Rendered users/new.html.erb within layouts/application (2.8ms)
Completed 200 OK in 70ms (Views: 69.1ms | ActiveRecord: 0.0ms)


Started GET "/assets/scaffolds.css?body=1" for 127.0.0.1 at 2014-11-19 18:32:34 -0500


Started GET "/assets/application.css?body=1" for 127.0.0.1 at 2014-11-19 18:32:34 -0500


Started GET "/assets/users.css?body=1" for 127.0.0.1 at 2014-11-19 18:32:34 -0500


Started GET "/assets/application.js?body=1" for 127.0.0.1 at 2014-11-19 18:32:34 -0500


Started GET "/assets/jquery_ujs.js?body=1" for 127.0.0.1 at 2014-11-19 18:32:34 -0500


Started GET "/assets/jquery.js?body=1" for 127.0.0.1 at 2014-11-19 18:32:34 -0500


Started GET "/assets/turbolinks.js?body=1" for 127.0.0.1 at 2014-11-19 18:32:34 -0500


Started GET "/assets/users.js?body=1" for 127.0.0.1 at 2014-11-19 18:32:34 -0500


Started POST "/users" for 127.0.0.1 at 2014-11-19 18:32:50 -0500
Processing by UsersController#create as HTML
  Parameters: {"utf8"=>"✓", "authenticity_token"=>"mIr7SHv2zrhOUa6gfam6raxFgPOvecwkljkSMnx9oBY=", "user"=>{"name"=>"orel", "email"=>"orelmfligelman@gmail.com"}, "commit"=>"Create User"}
  [1m[35m (0.1ms)[0m  begin transaction
  [1m[36mSQL (0.3ms)[0m  [1mINSERT INTO "users" ("created_at", "email", "name", "updated_at") VALUES (?, ?, ?, ?)[0m  [["created_at", "2014-11-19 23:32:50.307475"], ["email", "orelmfligelman@gmail.com"], ["name", "orel"], ["updated_at", "2014-11-19 23:32:50.307475"]]
  [1m[35m (0.9ms)[0m  commit transaction

UserMailer#registration_confirmation: processed outbound mail in 0.2ms
Completed 500 Internal Server Error in 4ms

ArgumentError (wrong number of arguments (1 for 0)):
  app/mailers/user_mailer.rb:3:in `registration_confirmation'
  app/controllers/users_controller.rb:31:in `block in create'
  app/controllers/users_controller.rb:29:in `create'


  Rendered /Users/adityanarayan/.rvm/gems/ruby-2.1.3/gems/actionpack-4.1.6/lib/action_dispatch/middleware/templates/rescues/_source.erb (0.6ms)
  Rendered /Users/adityanarayan/.rvm/gems/ruby-2.1.3/gems/actionpack-4.1.6/lib/action_dispatch/middleware/templates/rescues/_trace.html.erb (1.3ms)
  Rendered /Users/adityanarayan/.rvm/gems/ruby-2.1.3/gems/actionpack-4.1.6/lib/action_dispatch/middleware/templates/rescues/_request_and_response.html.erb (1.0ms)
  Rendered /Users/adityanarayan/.rvm/gems/ruby-2.1.3/gems/actionpack-4.1.6/lib/action_dispatch/middleware/templates/rescues/diagnostics.erb within rescues/layout (27.0ms)


Started POST "/users" for 127.0.0.1 at 2014-11-19 18:43:25 -0500
Processing by UsersController#create as HTML
  Parameters: {"utf8"=>"✓", "authenticity_token"=>"mIr7SHv2zrhOUa6gfam6raxFgPOvecwkljkSMnx9oBY=", "user"=>{"name"=>"orel", "email"=>"orelmfligelman@gmail.com"}, "commit"=>"Create User"}
  [1m[36m (0.4ms)[0m  [1mbegin transaction[0m
  [1m[35mSQL (0.3ms)[0m  INSERT INTO "users" ("created_at", "email", "name", "updated_at") VALUES (?, ?, ?, ?)  [["created_at", "2014-11-19 23:43:26.028154"], ["email", "orelmfligelman@gmail.com"], ["name", "orel"], ["updated_at", "2014-11-19 23:43:26.028154"]]
  [1m[36m (0.9ms)[0m  [1mcommit transaction[0m
  Rendered user_mailer/registration_confirmation.text.erb (0.4ms)

UserMailer#registration_confirmation: processed outbound mail in 238.8ms

Sent mail to orelmfligelman@gmail.com (2746.6ms)
Date: Wed, 19 Nov 2014 18:43:26 -0500
From: orelmfligelman@gmail.com
To: orelmfligelman@gmail.com
Message-ID: <546d2b1e4d32c_12563fecada87f1c818d3@Adityas-iMac-5.local.mail>
Subject: Registered
Mime-Version: 1.0
Content-Type: text/plain;
 charset=UTF-8
Content-Transfer-Encoding: 7bit

hello and welcome to my mailing list. hope you like it!
Redirected to http://localhost:3000/users/7
Completed 302 Found in 3017ms (ActiveRecord: 2.0ms)


Started GET "/users/7" for 127.0.0.1 at 2014-11-19 18:43:29 -0500
Processing by UsersController#show as HTML
  Parameters: {"id"=>"7"}
  [1m[35mUser Load (0.2ms)[0m  SELECT  "users".* FROM "users"  WHERE "users"."id" = ? LIMIT 1  [["id", 7]]
  Rendered users/show.html.erb within layouts/application (1.1ms)
Completed 200 OK in 159ms (Views: 157.0ms | ActiveRecord: 0.2ms)


Started GET "/assets/scaffolds.css?body=1" for 127.0.0.1 at 2014-11-19 18:43:29 -0500


Started GET "/assets/users.css?body=1" for 127.0.0.1 at 2014-11-19 18:43:29 -0500


Started GET "/assets/application.css?body=1" for 127.0.0.1 at 2014-11-19 18:43:29 -0500


Started GET "/assets/jquery.js?body=1" for 127.0.0.1 at 2014-11-19 18:43:29 -0500


Started GET "/assets/jquery_ujs.js?body=1" for 127.0.0.1 at 2014-11-19 18:43:29 -0500


Started GET "/assets/application.js?body=1" for 127.0.0.1 at 2014-11-19 18:43:29 -0500


Started GET "/assets/turbolinks.js?body=1" for 127.0.0.1 at 2014-11-19 18:43:29 -0500


Started GET "/assets/users.js?body=1" for 127.0.0.1 at 2014-11-19 18:43:29 -0500
